2020-05-09 19:14:49 [main] INFO  c.m.d.springboot.mysql_demo.MysqlDemoApplication - Starting MysqlDemoApplication on zhouhus-MacBook-Pro.local with PID 11588 (/Users/zhouhu/Documents/workspace/mypro2020/springboot_demo/mysql_demo/target/classes started by zhouhu in /Users/zhouhu/Documents/workspace/mypro2020/springboot_demo/mysql_demo)
2020-05-09 19:14:49 [main] INFO  c.m.d.springboot.mysql_demo.MysqlDemoApplication - The following profiles are active: dev
2020-05-09 19:14:51 [main] INFO  o.s.boot.web.embedded.tomcat.TomcatWebServer - Tomcat initialized with port(s): 8080 (http)
2020-05-09 19:14:51 [main] INFO  org.apache.coyote.http11.Http11NioProtocol - Initializing ProtocolHandler ["http-nio-8080"]
2020-05-09 19:14:51 [main] INFO  org.apache.catalina.core.StandardService - Starting service [Tomcat]
2020-05-09 19:14:51 [main] INFO  org.apache.catalina.core.StandardEngine - Starting Servlet engine: [Apache Tomcat/9.0.34]
2020-05-09 19:14:51 [main] INFO  o.a.c.core.ContainerBase.[Tomcat].[localhost].[/] - Initializing Spring embedded WebApplicationContext
2020-05-09 19:14:51 [main] INFO  org.springframework.web.context.ContextLoader - Root WebApplicationContext: initialization completed in 1935 ms
2020-05-09 19:14:51 [main] WARN  o.s.data.rest.webmvc.halbrowser.HalBrowser - ---
2020-05-09 19:14:51 [main] WARN  o.s.data.rest.webmvc.halbrowser.HalBrowser - Spring Data REST HAL Browser is deprecated! Prefer the HAL Explorer (artifactId: spring-data-rest-hal-explorer)!
2020-05-09 19:14:51 [main] WARN  o.s.data.rest.webmvc.halbrowser.HalBrowser - ---
2020-05-09 19:14:52 [main] INFO  o.s.scheduling.concurrent.ThreadPoolTaskExecutor - Initializing ExecutorService 'applicationTaskExecutor'
2020-05-09 19:14:53 [main] INFO  org.apache.coyote.http11.Http11NioProtocol - Starting ProtocolHandler ["http-nio-8080"]
2020-05-09 19:14:53 [main] INFO  o.s.boot.web.embedded.tomcat.TomcatWebServer - Tomcat started on port(s): 8080 (http) with context path ''
2020-05-09 19:14:53 [main] INFO  c.m.d.springboot.mysql_demo.MysqlDemoApplication - Started MysqlDemoApplication in 5.289 seconds (JVM running for 8.552)
2020-05-09 19:14:55 [http-nio-8080-exec-1] INFO  o.a.c.core.ContainerBase.[Tomcat].[localhost].[/] - Initializing Spring DispatcherServlet 'dispatcherServlet'
2020-05-09 19:14:55 [http-nio-8080-exec-1] INFO  org.springframework.web.servlet.DispatcherServlet - Initializing Servlet 'dispatcherServlet'
2020-05-09 19:14:55 [http-nio-8080-exec-1] INFO  org.springframework.web.servlet.DispatcherServlet - Completed initialization in 24 ms
2020-05-09 19:14:55 [http-nio-8080-exec-1] INFO  com.zaxxer.hikari.HikariDataSource - HikariPool-1 - Starting...
2020-05-09 19:14:56 [http-nio-8080-exec-1] INFO  com.zaxxer.hikari.HikariDataSource - HikariPool-1 - Start completed.
2020-05-09 19:14:56 [http-nio-8080-exec-1] DEBUG c.m.d.s.mysql_demo.mapper.UserMapper.getUserById - ==>  Preparing: select * from user where id=? 
2020-05-09 19:14:56 [http-nio-8080-exec-1] DEBUG c.m.d.s.mysql_demo.mapper.UserMapper.getUserById - ==> Parameters: 6(Integer)
2020-05-09 19:14:56 [http-nio-8080-exec-1] DEBUG c.m.d.s.mysql_demo.mapper.UserMapper.getUserById - <==      Total: 1
2020-05-09 19:15:14 [SpringContextShutdownHook] INFO  o.s.scheduling.concurrent.ThreadPoolTaskExecutor - Shutting down ExecutorService 'applicationTaskExecutor'
2020-05-09 19:15:14 [SpringContextShutdownHook] INFO  com.zaxxer.hikari.HikariDataSource - HikariPool-1 - Shutdown initiated...
2020-05-09 19:15:14 [SpringContextShutdownHook] INFO  com.zaxxer.hikari.HikariDataSource - HikariPool-1 - Shutdown completed.
